0 info it worked if it ends with ok
1 verbose cli [ '/Users/huwen/.nvm/versions/node/v6.9.1/bin/node',
1 verbose cli   '/Users/huwen/.nvm/versions/node/v6.9.1/bin/npm',
1 verbose cli   'run',
1 verbose cli   'demo' ]
2 info using npm@3.10.8
3 info using node@v6.9.1
4 verbose run-script [ 'predemo', 'demo', 'postdemo' ]
5 info lifecycle countdown@1.0.0~predemo: countdown@1.0.0
6 silly lifecycle countdown@1.0.0~predemo: no script for predemo, continuing
7 info lifecycle countdown@1.0.0~demo: countdown@1.0.0
8 verbose lifecycle countdown@1.0.0~demo: unsafe-perm in lifecycle true
9 verbose lifecycle countdown@1.0.0~demo: PATH: /Users/huwen/.nvm/versions/node/v6.9.1/lib/node_modules/npm/bin/node-gyp-bin:/Users/huwen/personal/countdown/node_modules/.bin:/Users/huwen/gocode/bin:/Users/huwen/.nvm/versions/node/v6.9.1/bin:/usr/local/bin:/usr/bin:/bin:/usr/sbin:/sbin:/usr/local/go/bin:/Users/huwen/.local/bin:/Users/huwen/.cabal/bin:/Applications/ghc-7.10.3.app/Contents/bin
10 verbose lifecycle countdown@1.0.0~demo: CWD: /Users/huwen/personal/countdown
11 silly lifecycle countdown@1.0.0~demo: Args: [ '-c',
11 silly lifecycle   'webpack-dev-server --config webpack.config.demo.js --hot --inline' ]
12 silly lifecycle countdown@1.0.0~demo: Returned: code: 1  signal: null
13 info lifecycle countdown@1.0.0~demo: Failed to exec demo script
14 verbose stack Error: countdown@1.0.0 demo: `webpack-dev-server --config webpack.config.demo.js --hot --inline`
14 verbose stack Exit status 1
14 verbose stack     at EventEmitter.<anonymous> (/Users/huwen/.nvm/versions/node/v6.9.1/lib/node_modules/npm/lib/utils/lifecycle.js:255:16)
14 verbose stack     at emitTwo (events.js:106:13)
14 verbose stack     at EventEmitter.emit (events.js:191:7)
14 verbose stack     at ChildProcess.<anonymous> (/Users/huwen/.nvm/versions/node/v6.9.1/lib/node_modules/npm/lib/utils/spawn.js:40:14)
14 verbose stack     at emitTwo (events.js:106:13)
14 verbose stack     at ChildProcess.emit (events.js:191:7)
14 verbose stack     at maybeClose (internal/child_process.js:877:16)
14 verbose stack     at Process.ChildProcess._handle.onexit (internal/child_process.js:226:5)
15 verbose pkgid countdown@1.0.0
16 verbose cwd /Users/huwen/personal/countdown
17 error Darwin 15.6.0
18 error argv "/Users/huwen/.nvm/versions/node/v6.9.1/bin/node" "/Users/huwen/.nvm/versions/node/v6.9.1/bin/npm" "run" "demo"
19 error node v6.9.1
20 error npm  v3.10.8
21 error code ELIFECYCLE
22 error countdown@1.0.0 demo: `webpack-dev-server --config webpack.config.demo.js --hot --inline`
22 error Exit status 1
23 error Failed at the countdown@1.0.0 demo script 'webpack-dev-server --config webpack.config.demo.js --hot --inline'.
23 error Make sure you have the latest version of node.js and npm installed.
23 error If you do, this is most likely a problem with the countdown package,
23 error not with npm itself.
23 error Tell the author that this fails on your system:
23 error     webpack-dev-server --config webpack.config.demo.js --hot --inline
23 error You can get information on how to open an issue for this project with:
23 error     npm bugs countdown
23 error Or if that isn't available, you can get their info via:
23 error     npm owner ls countdown
23 error There is likely additional logging output above.
24 verbose exit [ 1, true ]
